# JRE version: Java(TM) SE Runtime Environment (8.0_191-b12) (build 1.8.0_191-b12)
# Java VM: Java HotSpot(TM) Server VM (25.191-b12 mixed mode linux-x86 )
Heap:
 PSYoungGen      total 101120K, used 85392K [0x9c780000, 0xa3cc0000, 0xa6400000)
  eden space 85760K, 88% used [0x9c780000,0xa11b5830,0xa1b40000)
  from space 15360K, 61% used [0xa1b40000,0xa246ea00,0xa2a40000)
  to   space 15616K, 0% used [0xa2d80000,0xa2d80000,0xa3cc0000)
 ParOldGen       total 259584K, used 154074K [0x88e00000, 0x98b80000, 0x9c780000)
  object space 259584K, 59% used [0x88e00000,0x92476b60,0x98b80000)
 Metaspace       used 27679K, capacity 28274K, committed 28416K, reserved 28976K
GC Heap History (10 events):
Event: 12896.233 GC heap before
{Heap before GC invocations=79 (full 8):
 PSYoungGen      total 97280K, used 83984K [0x9c780000, 0xa3980000, 0xa6400000)
  eden space 77568K, 100% used [0x9c780000,0xa1340000,0xa1340000)
  from space 19712K, 32% used [0xa2640000,0xa2c843f0,0xa3980000)
  to   space 19456K, 0% used [0xa1340000,0xa1340000,0xa2640000)
 ParOldGen       total 259584K, used 152030K [0x88e00000, 0x98b80000, 0x9c780000)
  object space 259584K, 58% used [0x88e00000,0x922779b8,0x98b80000)
 Metaspace       used 27324K, capacity 27946K, committed 28032K, reserved 28976K
Event: 12896.253 GC heap after
Heap after GC invocations=79 (full 8):
 PSYoungGen      total 97024K, used 6654K [0x9c780000, 0xa3b80000, 0xa6400000)
  eden space 77568K, 0% used [0x9c780000,0x9c780000,0xa1340000)
  from space 19456K, 34% used [0xa1340000,0xa19bfa50,0xa2640000)
  to   space 18176K, 0% used [0xa29c0000,0xa29c0000,0xa3b80000)
 ParOldGen       total 259584K, used 152606K [0x88e00000, 0x98b80000, 0x9c780000)
  object space 259584K, 58% used [0x88e00000,0x923079b8,0x98b80000)
 Metaspace       used 27324K, capacity 27946K, committed 28032K, reserved 28976K
}
Event: 12897.059 GC heap before
{Heap before GC invocations=80 (full 8):
 PSYoungGen      total 97024K, used 84222K [0x9c780000, 0xa3b80000, 0xa6400000)
  eden space 77568K, 100% used [0x9c780000,0xa1340000,0xa1340000)
  from space 19456K, 34% used [0xa1340000,0xa19bfa50,0xa2640000)
  to   space 18176K, 0% used [0xa29c0000,0xa29c0000,0xa3b80000)
 ParOldGen       total 259584K, used 152606K [0x88e00000, 0x98b80000, 0x9c780000)
  object space 259584K, 58% used [0x88e00000,0x923079b8,0x98b80000)
 Metaspace       used 27324K, capacity 27946K, committed 28032K, reserved 28976K
Event: 12897.077 GC heap after
Heap after GC invocations=80 (full 8):
 PSYoungGen      total 98048K, used 6886K [0x9c780000, 0xa3940000, 0xa6400000)
  eden space 82176K, 0% used [0x9c780000,0x9c780000,0xa17c0000)
  from space 15872K, 43% used [0xa29c0000,0xa3079b40,0xa3940000)
  to   space 17152K, 0% used [0xa17c0000,0xa17c0000,0xa2880000)
 ParOldGen       total 259584K, used 153202K [0x88e00000, 0x98b80000, 0x9c780000)
  object space 259584K, 59% used [0x88e00000,0x9239c9b8,0x98b80000)
 Metaspace       used 27324K, capacity 27946K, committed 28032K, reserved 28976K
}
Event: 12898.882 GC heap before
{Heap before GC invocations=81 (full 8):
 PSYoungGen      total 98048K, used 89062K [0x9c780000, 0xa3940000, 0xa6400000)
  eden space 82176K, 100% used [0x9c780000,0xa17c0000,0xa17c0000)
  from space 15872K, 43% used [0xa29c0000,0xa3079b40,0xa3940000)
  to   space 17152K, 0% used [0xa17c0000,0xa17c0000,0xa2880000)
 ParOldGen       total 259584K, used 153202K [0x88e00000, 0x98b80000, 0x9c780000)
  object space 259584K, 59% used [0x88e00000,0x9239c9b8,0x98b80000)
 Metaspace       used 27329K, capacity 27946K, committed 28032K, reserved 28976K
Event: 12898.905 GC heap after
Heap after GC invocations=81 (full 8):
 PSYoungGen      total 99328K, used 5608K [0x9c780000, 0xa3c40000, 0xa6400000)
  eden space 82176K, 0% used [0x9c780000,0x9c780000,0xa17c0000)
  from space 17152K, 32% used [0xa17c0000,0xa1d3a2a8,0xa2880000)
  to   space 16384K, 0% used [0xa2c40000,0xa2c40000,0xa3c40000)
 ParOldGen       total 259584K, used 153882K [0x88e00000, 0x98b80000, 0x9c780000)
  object space 259584K, 59% used [0x88e00000,0x92446b60,0x98b80000)
 Metaspace       used 27329K, capacity 27946K, committed 28032K, reserved 28976K
}
Event: 13142.447 GC heap before
{Heap before GC invocations=82 (full 8):
 PSYoungGen      total 99328K, used 87784K [0x9c780000, 0xa3c40000, 0xa6400000)
  eden space 82176K, 100% used [0x9c780000,0xa17c0000,0xa17c0000)
  from space 17152K, 32% used [0xa17c0000,0xa1d3a2a8,0xa2880000)
  to   space 16384K, 0% used [0xa2c40000,0xa2c40000,0xa3c40000)
 ParOldGen       total 259584K, used 153882K [0x88e00000, 0x98b80000, 0x9c780000)
  object space 259584K, 59% used [0x88e00000,0x92446b60,0x98b80000)
 Metaspace       used 27407K, capacity 28010K, committed 28160K, reserved 28976K
Event: 13142.470 GC heap after
Heap after GC invocations=82 (full 8):
 PSYoungGen      total 99072K, used 6586K [0x9c780000, 0xa3940000, 0xa6400000)
  eden space 85760K, 0% used [0x9c780000,0x9c780000,0xa1b40000)
  from space 13312K, 49% used [0xa2c40000,0xa32ae828,0xa3940000)
  to   space 15360K, 0% used [0xa1b40000,0xa1b40000,0xa2a40000)
 ParOldGen       total 259584K, used 154070K [0x88e00000, 0x98b80000, 0x9c780000)
  object space 259584K, 59% used [0x88e00000,0x92475b60,0x98b80000)
 Metaspace       used 27407K, capacity 28010K, committed 28160K, reserved 28976K
}
Event: 13255.587 GC heap before
{Heap before GC invocations=83 (full 8):
 PSYoungGen      total 99072K, used 92346K [0x9c780000, 0xa3940000, 0xa6400000)
  eden space 85760K, 100% used [0x9c780000,0xa1b40000,0xa1b40000)
  from space 13312K, 49% used [0xa2c40000,0xa32ae828,0xa3940000)
  to   space 15360K, 0% used [0xa1b40000,0xa1b40000,0xa2a40000)
 ParOldGen       total 259584K, used 154070K [0x88e00000, 0x98b80000, 0x9c780000)
  object space 259584K, 59% used [0x88e00000,0x92475b60,0x98b80000)
 Metaspace       used 27474K, capacity 28079K, committed 28160K, reserved 28976K
Event: 13255.605 GC heap after
Heap after GC invocations=83 (full 8):
 PSYoungGen      total 101120K, used 9402K [0x9c780000, 0xa3cc0000, 0xa6400000)
  eden space 85760K, 0% used [0x9c780000,0x9c780000,0xa1b40000)
  from space 15360K, 61% used [0xa1b40000,0xa246ea00,0xa2a40000)
  to   space 15616K, 0% used [0xa2d80000,0xa2d80000,0xa3cc0000)
 ParOldGen       total 259584K, used 154074K [0x88e00000, 0x98b80000, 0x9c780000)
  object space 259584K, 59% used [0x88e00000,0x92476b60,0x98b80000)
 Metaspace       used 27474K, capacity 28079K, committed 28160K, reserved 28976K
}

